<?xml version="1.0" encoding="UTF-8"?>
<testng-results skipped="0" failed="0" ignored="0" total="1" passed="1">
  <reporter-output>
  </reporter-output>
  <suite name="Default suite" duration-ms="48127" started-at="2022-01-28T02:22:01Z" finished-at="2022-01-28T02:22:50Z">
    <groups>
    </groups>
    <test name="Default test" duration-ms="48127" started-at="2022-01-28T02:22:01Z" finished-at="2022-01-28T02:22:50Z">
      <class name="com.SeleniumProject.POMTests.LoginTC_POM">
        <test-method status="PASS" signature="login()[pri:0, instance:com.SeleniumProject.POMTests.LoginTC_POM@c038203]" name="login" duration-ms="48025" started-at="2022-01-28T02:22:02Z" finished-at="2022-01-28T02:22:50Z">
          <reporter-output>
          </reporter-output>
        </test-method> <!-- login -->
      </class> <!-- com.SeleniumProject.POMTests.LoginTC_POM -->
    </test> <!-- Default test -->
  </suite> <!-- Default suite -->
</testng-results>
