<?xml version="1.0" encoding="UTF-8"?>
<!-- Generated by org.testng.reporters.JUnitXMLReporter -->
<testsuite hostname="DESKTOP-ASB5QBL" ignored="4" name="Test" tests="2" failures="1" timestamp="25 Jan 2022 02:24:00 GMT" time="16.214" errors="0">
  <testcase name="orgEmpreg" time="9.804" classname="testNG_Pkg.EmpReg_TestNG"/>
  <testcase name="orgUserReg" time="0.007" classname="testNG_Pkg.UserReg_TestNG">
    <failure type="java.lang.NullPointerException">
      <![CDATA[java.lang.NullPointerException
at testNG_Pkg.UserReg_TestNG.orgUserReg(UserReg_TestNG.java:19)
... Removed 25 stack frames]]>
    </failure>
  </testcase> <!-- orgUserReg -->
  <testcase name="@AfterTest orgLogout" time="0.0" classname="testNG_Pkg.TestNGMaster">
    <ignored/>
  </testcase> <!-- @AfterTest orgLogout -->
  <testcase name="@BeforeTest orgLogin" time="0.0" classname="testNG_Pkg.TestNGMaster">
    <ignored/>
  </testcase> <!-- @BeforeTest orgLogin -->
  <testcase name="@BeforeSuite orgLaunch" time="0.0" classname="testNG_Pkg.TestNGMaster">
    <ignored/>
  </testcase> <!-- @BeforeSuite orgLaunch -->
  <testcase name="@AfterSuite orgClose" time="0.0" classname="testNG_Pkg.TestNGMaster">
    <ignored/>
  </testcase> <!-- @AfterSuite orgClose -->
</testsuite> <!-- Test -->
