<?xml version="1.0" encoding="UTF-8"?>
<!-- Generated by org.testng.reporters.JUnitXMLReporter -->
<testsuite hostname="DESKTOP-ASB5QBL" ignored="0" name="UserRegTest" tests="1" failures="1" timestamp="25 Jan 2022 02:44:38 GMT" time="23.335" errors="0">
  <testcase name="@AfterClass orgLogout" time="0.001" classname="testNG_Pkg.TestNGMaster">
    <failure type="java.lang.NullPointerException">
      <![CDATA[java.lang.NullPointerException
at testNG_Pkg.TestNGMaster.orgLogout(TestNGMaster.java:71)
... Removed 26 stack frames]]>
    </failure>
  </testcase> <!-- @AfterClass orgLogout -->
  <testcase name="@AfterTest orgClose" time="0.001" classname="testNG_Pkg.TestNGMaster">
    <failure type="java.lang.NullPointerException">
      <![CDATA[java.lang.NullPointerException
at testNG_Pkg.TestNGMaster.orgClose(TestNGMaster.java:83)
... Removed 24 stack frames]]>
    </failure>
  </testcase> <!-- @AfterTest orgClose -->
  <testcase name="orgUserReg" time="0.006" classname="testNG_Pkg.UserReg_TestNG">
    <failure type="java.lang.NullPointerException">
      <![CDATA[java.lang.NullPointerException
at testNG_Pkg.UserReg_TestNG.orgUserReg(UserReg_TestNG.java:19)
... Removed 25 stack frames]]>
    </failure>
  </testcase> <!-- orgUserReg -->
</testsuite> <!-- UserRegTest -->
