<?xml version="1.0" encoding="UTF-8"?>
<testng-results skipped="0" failed="0" ignored="0" total="2" passed="2">
  <reporter-output>
  </reporter-output>
  <suite name="Grid" duration-ms="49906" started-at="2022-02-01T02:11:56Z" finished-at="2022-02-01T02:12:46Z">
    <groups>
    </groups>
    <test name="On Chrome" duration-ms="41916" started-at="2022-02-01T02:11:56Z" finished-at="2022-02-01T02:12:38Z">
      <class name="gridExamples.GridEg1">
        <test-method status="PASS" signature="test1(java.lang.String, java.lang.String)[pri:0, instance:gridExamples.GridEg1@6767c1fc]" name="test1" duration-ms="41822" started-at="2022-02-01T02:11:56Z" finished-at="2022-02-01T02:12:38Z">
          <params>
            <param index="0">
              <value>
                <![CDATA[chrome]]>
              </value>
            </param>
            <param index="1">
              <value>
                <![CDATA[windows]]>
              </value>
            </param>
          </params>
          <reporter-output>
          </reporter-output>
        </test-method> <!-- test1 -->
      </class> <!-- gridExamples.GridEg1 -->
    </test> <!-- On Chrome -->
    <test name="On Firefox" duration-ms="49906" started-at="2022-02-01T02:11:56Z" finished-at="2022-02-01T02:12:46Z">
      <class name="gridExamples.GridEg1">
        <test-method status="PASS" signature="test1(java.lang.String, java.lang.String)[pri:0, instance:gridExamples.GridEg1@23ceabc1]" name="test1" duration-ms="49814" started-at="2022-02-01T02:11:56Z" finished-at="2022-02-01T02:12:46Z">
          <params>
            <param index="0">
              <value>
                <![CDATA[firefox]]>
              </value>
            </param>
            <param index="1">
              <value>
                <![CDATA[windows]]>
              </value>
            </param>
          </params>
          <reporter-output>
          </reporter-output>
        </test-method> <!-- test1 -->
      </class> <!-- gridExamples.GridEg1 -->
    </test> <!-- On Firefox -->
  </suite> <!-- Grid -->
</testng-results>
